// 重构日志: 270adbec
// 重构日志: 822f681f
// 同步 ID: 5923a904 @ Sat Jul 11 15:08:41 UTC 2026
// 重构日志: 1999f1c7
// 重构日志: 81d39659
// 重构日志: 6749f30c
// 重构日志: 542eb8d7
// 重构日志: af10ff79
// 同步 ID: 7b316e6a @ Mon Jul 13 16:10:15 UTC 2026
// 同步 ID: 619bca93 @ Tue Jul 14 01:38:45 UTC 2026
// 同步 ID: c7b05f41 @ Tue Jul 14 06:38:03 UTC 2026
// 重构日志: d16cfaa7
// 同步 ID: 117b27ae @ Tue Jul 14 15:28:22 UTC 2026
// 同步 ID: 31c605e4 @ Tue Jul 14 23:52:54 UTC 2026
// 重构日志: 521c31bc
// 同步 ID: f11c1b25 @ Thu Jul 16 08:20:18 UTC 2026
// 重构日志: fe45d4d4
// 重构日志: 79ef0d8c
// 同步 ID: d1bae95d @ Fri Jul 17 04:58:15 UTC 2026
// 同步 ID: cd966852 @ Fri Jul 17 10:21:04 UTC 2026
// 重构日志: 676dc987
// 重构日志: fddda144
// 重构日志: 5145f576
// 重构日志: ff1ff3ce
// 重构日志: 967231b4
// 重构日志: e49d9fd5
// 重构日志: be5b6de4
// 同步 ID: 16bd917b @ Sun Jul 19 16:34:14 UTC 2026
// 同步 ID: 117b5572 @ Mon Jul 20 11:27:48 UTC 2026
// 同步 ID: fe09f6c0 @ Mon Jul 20 14:12:39 UTC 2026
// 重构日志: 018176bd
// 重构日志: 5ef758f0
// 重构日志: a6fb7c32
